
CPPTRAJ: Trajectory Analysis. V4.14.0 (AmberTools V19.09)
    ___  ___  ___  ___
     | \/ | \/ | \/ | 
    _|_/\_|_/\_|_/\_|_

| Date/time: 10/26/20 20:21:59
| Available memory: 1.213 GB

	Reading '5onn_ma_model5-4.prmtop' as Amber Topology
	Radius Set: modified Bondi radii (mbondi)
INPUT: Reading input from 'STDIN'
  [trajin 5onn_paramfit_relax_E_fit_6.md.cdf]
	Reading '5onn_paramfit_relax_E_fit_6.md.cdf' as Amber NetCDF
  [distance dis_1 :4@FE :1@OE2 out 5onn_model_ma_s.md.fe_oe2-nb.dist.dat]
    DISTANCE: :4@FE to :1@OE2, center of mass.
  [distance dis_2 :4@FE :1@OE1 out 5onn_model_ma_s.md.fe_oe1.dist.dat]
    DISTANCE: :4@FE to :1@OE1, center of mass.
  [distance dis_3 :4@FE :3@NE2 out 5onn_model_ma_s.md.fe_n.dist.dat]
    DISTANCE: :4@FE to :3@NE2, center of mass.
  [distance dis_5 :4@FE :5@O1 out 5onn_model_ma_s.md.fe_o.dist.dat]
    DISTANCE: :4@FE to :5@O1, center of mass.
  [distance dis_6 :4@FE :2@OH out 5onn_model_ma_s.md.fe_oh.dist.dat]
    DISTANCE: :4@FE to :2@OH, center of mass.
  [angle ang_1 :2@OH :4@FE :1@OE1 out 5onn_model_ma_s.md.oh_fe_o2.ang.dat]
    ANGLE: [:2@OH]-[:4@FE]-[:1@OE1]
  [angle ang_2 :2@OH :4@FE :3@NE2 out 5onn_model_ma_s.md.oh_fe_n.ang.dat]
    ANGLE: [:2@OH]-[:4@FE]-[:3@NE2]
  [angle ang_3 :2@OH :4@FE :5@O1 out 5onn_model_ma_s.md.oh_fe_o.ang.dat]
    ANGLE: [:2@OH]-[:4@FE]-[:5@O1]
  [angle ang_4 :3@NE2 :4@FE :1@OE1 out 5onn_model_ma_s.md.n_fe_o2.ang.dat]
    ANGLE: [:3@NE2]-[:4@FE]-[:1@OE1]
  [angle ang_5 :3@NE2 :4@FE :5@O1 out 5onn_model_ma_s.md.n_fe_o.ang.dat]
    ANGLE: [:3@NE2]-[:4@FE]-[:5@O1]
  [angle ang_6 :1@OE1 :4@FE :5@O1 out 5onn_model_ma_s.md.o2_fe_o.ang.dat]
    ANGLE: [:1@OE1]-[:4@FE]-[:5@O1]
  [angle ang_7 :2@CZ :2@OH :4@FE out 5onn_model_ma_s.md.c_oh_fe.ang.dat]
    ANGLE: [:2@CZ]-[:2@OH]-[:4@FE]
  [angle ang_8 :3@CD2 :3@NE2 :4@FE out 5onn_model_ma_s.md.cv_n_fe.ang.dat]
    ANGLE: [:3@CD2]-[:3@NE2]-[:4@FE]
  [angle ang_9 :3@CE1 :3@NE2 :4@FE out 5onn_model_ma_s.md.cr_n_fe.ang.dat]
    ANGLE: [:3@CE1]-[:3@NE2]-[:4@FE]
  [angle ang_10 :1@CD :1@OE1 :4@FE out 5onn_model_ma_s.md.c_o2_fe.ang.dat]
    ANGLE: [:1@CD]-[:1@OE1]-[:4@FE]
  [angle ang_11 :5@C2 :5@O1 :4@FE out 5onn_model_ma_s.md.c_o_fe.ang.dat]
    ANGLE: [:5@C2]-[:5@O1]-[:4@FE]
  [angle ang_12 :4@FE :2@OH :2@HH out 5onn_model_ma_s.md.oh_ho_fe.ang.dat]
    ANGLE: [:4@FE]-[:2@OH]-[:2@HH]
---------- RUN BEGIN -------------------------------------------------

PARAMETER FILES (1 total):
 0: 5onn_ma_model5-4.prmtop, 51 atoms, 5 res, box: None, 1 mol

INPUT TRAJECTORIES (1 total):
 0: '5onn_paramfit_relax_E_fit_6.md.cdf' is a NetCDF AMBER trajectory with coordinates, time, Parm 5onn_ma_model5-4.prmtop (reading 25000 of 25000)
  Coordinate processing will occur on 25000 frames.

BEGIN TRAJECTORY PROCESSING:
.....................................................
ACTION SETUP FOR PARM '5onn_ma_model5-4.prmtop' (17 actions):
  0: [distance dis_1 :4@FE :1@OE2 out 5onn_model_ma_s.md.fe_oe2-nb.dist.dat]
	:4@FE (1 atoms) to :1@OE2 (1 atoms), imaging off.
  1: [distance dis_2 :4@FE :1@OE1 out 5onn_model_ma_s.md.fe_oe1.dist.dat]
	:4@FE (1 atoms) to :1@OE1 (1 atoms), imaging off.
  2: [distance dis_3 :4@FE :3@NE2 out 5onn_model_ma_s.md.fe_n.dist.dat]
	:4@FE (1 atoms) to :3@NE2 (1 atoms), imaging off.
  3: [distance dis_5 :4@FE :5@O1 out 5onn_model_ma_s.md.fe_o.dist.dat]
	:4@FE (1 atoms) to :5@O1 (1 atoms), imaging off.
  4: [distance dis_6 :4@FE :2@OH out 5onn_model_ma_s.md.fe_oh.dist.dat]
	:4@FE (1 atoms) to :2@OH (1 atoms), imaging off.
  5: [angle ang_1 :2@OH :4@FE :1@OE1 out 5onn_model_ma_s.md.oh_fe_o2.ang.dat]
	 [:2@OH](1) [:4@FE](1) [:1@OE1](1)
  6: [angle ang_2 :2@OH :4@FE :3@NE2 out 5onn_model_ma_s.md.oh_fe_n.ang.dat]
	 [:2@OH](1) [:4@FE](1) [:3@NE2](1)
  7: [angle ang_3 :2@OH :4@FE :5@O1 out 5onn_model_ma_s.md.oh_fe_o.ang.dat]
	 [:2@OH](1) [:4@FE](1) [:5@O1](1)
  8: [angle ang_4 :3@NE2 :4@FE :1@OE1 out 5onn_model_ma_s.md.n_fe_o2.ang.dat]
	 [:3@NE2](1) [:4@FE](1) [:1@OE1](1)
  9: [angle ang_5 :3@NE2 :4@FE :5@O1 out 5onn_model_ma_s.md.n_fe_o.ang.dat]
	 [:3@NE2](1) [:4@FE](1) [:5@O1](1)
  10: [angle ang_6 :1@OE1 :4@FE :5@O1 out 5onn_model_ma_s.md.o2_fe_o.ang.dat]
	 [:1@OE1](1) [:4@FE](1) [:5@O1](1)
  11: [angle ang_7 :2@CZ :2@OH :4@FE out 5onn_model_ma_s.md.c_oh_fe.ang.dat]
	 [:2@CZ](1) [:2@OH](1) [:4@FE](1)
  12: [angle ang_8 :3@CD2 :3@NE2 :4@FE out 5onn_model_ma_s.md.cv_n_fe.ang.dat]
	 [:3@CD2](1) [:3@NE2](1) [:4@FE](1)
  13: [angle ang_9 :3@CE1 :3@NE2 :4@FE out 5onn_model_ma_s.md.cr_n_fe.ang.dat]
	 [:3@CE1](1) [:3@NE2](1) [:4@FE](1)
  14: [angle ang_10 :1@CD :1@OE1 :4@FE out 5onn_model_ma_s.md.c_o2_fe.ang.dat]
	 [:1@CD](1) [:1@OE1](1) [:4@FE](1)
  15: [angle ang_11 :5@C2 :5@O1 :4@FE out 5onn_model_ma_s.md.c_o_fe.ang.dat]
	 [:5@C2](1) [:5@O1](1) [:4@FE](1)
  16: [angle ang_12 :4@FE :2@OH :2@HH out 5onn_model_ma_s.md.oh_ho_fe.ang.dat]
	 [:4@FE](1) [:2@OH](1) [:2@HH](1)
----- 5onn_paramfit_relax_E_fit_6.md.cdf (1-25000, 1) -----
 0% 10% 20% 30% 40% 50% 60% 70% 80% 90% 100% Complete.

Read 25000 frames and processed 25000 frames.
TIME: Avg. throughput= 294304.6171 frames / second.

ACTION OUTPUT:
TIME: Analyses took 0.0000 seconds.

DATASETS (17 total):
	dis_1 "dis_1" (double, distance), size is 25000 (200.000 kB)
	dis_2 "dis_2" (double, distance), size is 25000 (200.000 kB)
	dis_3 "dis_3" (double, distance), size is 25000 (200.000 kB)
	dis_5 "dis_5" (double, distance), size is 25000 (200.000 kB)
	dis_6 "dis_6" (double, distance), size is 25000 (200.000 kB)
	ang_1 "ang_1" (double, angle), size is 25000 (200.000 kB)
	ang_2 "ang_2" (double, angle), size is 25000 (200.000 kB)
	ang_3 "ang_3" (double, angle), size is 25000 (200.000 kB)
	ang_4 "ang_4" (double, angle), size is 25000 (200.000 kB)
	ang_5 "ang_5" (double, angle), size is 25000 (200.000 kB)
	ang_6 "ang_6" (double, angle), size is 25000 (200.000 kB)
	ang_7 "ang_7" (double, angle), size is 25000 (200.000 kB)
	ang_8 "ang_8" (double, angle), size is 25000 (200.000 kB)
	ang_9 "ang_9" (double, angle), size is 25000 (200.000 kB)
	ang_10 "ang_10" (double, angle), size is 25000 (200.000 kB)
	ang_11 "ang_11" (double, angle), size is 25000 (200.000 kB)
	ang_12 "ang_12" (double, angle), size is 25000 (200.000 kB)
    Total data set memory usage is at least 3.400 MB

DATAFILES (17 total):
  5onn_model_ma_s.md.fe_oe2-nb.dist.dat (Standard Data File):  dis_1
  5onn_model_ma_s.md.fe_oe1.dist.dat (Standard Data File):  dis_2
  5onn_model_ma_s.md.fe_n.dist.dat (Standard Data File):  dis_3
  5onn_model_ma_s.md.fe_o.dist.dat (Standard Data File):  dis_5
  5onn_model_ma_s.md.fe_oh.dist.dat (Standard Data File):  dis_6
  5onn_model_ma_s.md.oh_fe_o2.ang.dat (Standard Data File):  ang_1
  5onn_model_ma_s.md.oh_fe_n.ang.dat (Standard Data File):  ang_2
  5onn_model_ma_s.md.oh_fe_o.ang.dat (Standard Data File):  ang_3
  5onn_model_ma_s.md.n_fe_o2.ang.dat (Standard Data File):  ang_4
  5onn_model_ma_s.md.n_fe_o.ang.dat (Standard Data File):  ang_5
  5onn_model_ma_s.md.o2_fe_o.ang.dat (Standard Data File):  ang_6
  5onn_model_ma_s.md.c_oh_fe.ang.dat (Standard Data File):  ang_7
  5onn_model_ma_s.md.cv_n_fe.ang.dat (Standard Data File):  ang_8
  5onn_model_ma_s.md.cr_n_fe.ang.dat (Standard Data File):  ang_9
  5onn_model_ma_s.md.c_o2_fe.ang.dat (Standard Data File):  ang_10
  5onn_model_ma_s.md.c_o_fe.ang.dat (Standard Data File):  ang_11
  5onn_model_ma_s.md.oh_ho_fe.ang.dat (Standard Data File):  ang_12

RUN TIMING:
TIME:		Init               : 0.0002 s (  0.03%)
TIME:		Trajectory Process : 0.0849 s ( 14.04%)
TIME:		Action Post        : 0.0000 s (  0.00%)
TIME:		Analysis           : 0.0000 s (  0.00%)
TIME:		Data File Write    : 0.5199 s ( 85.93%)
TIME:		Other              : 0.0000 s (  0.00%)
TIME:	Run Total 0.6050 s
---------- RUN END ---------------------------------------------------
TIME: Total execution time: 0.6098 seconds.
--------------------------------------------------------------------------------
To cite CPPTRAJ use:
Daniel R. Roe and Thomas E. Cheatham, III, "PTRAJ and CPPTRAJ: Software for
  Processing and Analysis of Molecular Dynamics Trajectory Data". J. Chem.
  Theory Comput., 2013, 9 (7), pp 3084-3095.

