
                *****************************************************
                * AMBER Bond Angle and Dihedral Parameter Optimiser *
                *                                                   *
                *                      v3.0.0                       *
                *                                                   *
                *                    Written by:                    *
                *                 Robin Betz (2011)                 *
                *                 Ross Walker (2004)                *
                *          The Walker Molecular Dynamics Lab        *
                *         University of California, San Diego       *
                *            La Jolla, California, 92092            *
                *                       USA                         *
                *****************************************************

*************************************************************************************
                                Execution started at:
|                             Mon Oct 26 20:16:50 2020

|
| Random seed = 1603739810
 Reading job control file: paramfit_K_only_fit.in
 Job Control: Read a total of 8 lines from job_control file. 5 options set.

  Reading prmtop file    : 5onn_ma_model5-4.prmtop
   Prmtop   (unique): Found 28 unique bonds.
   Prmtop   (unique): Found 49 unique angles.
   Prmtop   (unique): Found 82 unique dihedrals.
   Prmtop   (unique): Found 88 unique dihedral terms.
 Reading mdcrd file: 5onn_paramfit_ma_relax0_148.last.mdcrd
  Reading mdcrd file    : 5onn_paramfit_ma_relax0_148.last.mdcrd
    Coordinate file passed format check
  Reading energy file or directory  : 5onn_paramfit_relax_bb0_148.E.dat
        ---------------------------------------------------------------------
        |                          OPTIONS SUMMARY                         |
        |                          ---------------                          |
        | Summary of Run Type Options:                                      |
        |   Run Mode = FIT, Minimiser = SIMPLEX                             |
        |   Function to be Fit = SUM_SQUARES_AMBER_STANDARD                 |
        |                                                                   |
        | Terms to be fit:                                                  |
        |   K = 1, UNIQUE_BONDS = 28, UNIQUE ANGLES = 49                    |
        |   UNIQUE DIHEDRALS = 82  TOTAL DIHEDRAL TERMS = 88                |
        |   NBONDS = 52, NANGLES = 89, NDIHEDRALS = 139                     |
        |                                 Total dimensions of fit = 1       |
        |                                                                   |
        | Sample structures for least squares fit = 149                     |
        |                                                                   |
        |                                                                   |
        | Energy Correction Term (K) = TO BE FIT                            |
        |                                                                   |
        |           BONDFC_dx =     5.0000                                  |
        |           BONDEQ_dx =     0.0200                                  |
        |          ANGLEFC_dx =     1.0000                                  |
        |          ANGLEEQ_dx =     0.0500                                  |
        |       DIHEDRALBH_dx =     0.2000                                  |
        |        DIHEDRALN_dx =     0.0100                                  |
        |        DIHEDRALG_dx =     0.0500                                  |
        |              K_dx =    10.0000                                    |
        |                                                                   |
        | Convergence requested to within 1.0000E-15                        |
        |                                                                   |
        | Estimate Memory Usage (per cpu):                                  |
        |  Coordinate info will be read from disk as required.              |
        |                OPTION STORAGE = 118 bytes                         |
        |                PRMTOP STORAGE = 1724654 bytes                     |
        |            COORDINATE STORAGE = 191952 bytes                      |
        |         SIMPLEX ARRAY STORAGE = 168 bytes                         |
        |                                                                   |
        |  TOTAL ESTIMATED MEMORY USAGE = 1916892 bytes                     |
        |                                                                   |
        ---------------------------------------------------------------------

 * Input structures passed dihedral span check.

   ------------------------------- INITIAL PARAMETERS --------------------------------
   Parameters for force field equation: AMBER_STANDARD:
   (* means parameter is NOT constant during fit)
                         *K = 0.000000 kcal/mol
             (CT-HC) Kr = 340.0000 kcal/(mol A)^2, r_eq =   1.0900 A 
             (CA-HA) Kr = 367.0000 kcal/(mol A)^2, r_eq =   1.0800 A 
             (OH-HO) Kr = 553.0000 kcal/(mol A)^2, r_eq =   0.9600 A 
             (CV-H4) Kr = 367.0000 kcal/(mol A)^2, r_eq =   1.0800 A 
             (CR-H5) Kr = 367.0000 kcal/(mol A)^2, r_eq =   1.0800 A 
             (NA-H ) Kr = 434.0000 kcal/(mol A)^2, r_eq =   1.0100 A 
             (CT-H1) Kr = 340.0000 kcal/(mol A)^2, r_eq =   1.0900 A 
             (N -H ) Kr = 434.0000 kcal/(mol A)^2, r_eq =   1.0100 A 
             (O2-FE) Kr =   3.9748 kcal/(mol A)^2, r_eq =   3.6400 A 
             (C -O2) Kr = 656.0000 kcal/(mol A)^2, r_eq =   1.2500 A 
             (CT-C ) Kr = 317.0000 kcal/(mol A)^2, r_eq =   1.5220 A 
             (CT-CT) Kr = 310.0000 kcal/(mol A)^2, r_eq =   1.5260 A 
             (CA-CA) Kr = 469.0000 kcal/(mol A)^2, r_eq =   1.4000 A 
             (OH-FE) Kr =  60.9470 kcal/(mol A)^2, r_eq =   2.2100 A 
             (C -OH) Kr = 450.0000 kcal/(mol A)^2, r_eq =   1.3640 A 
             (C -CA) Kr = 469.0000 kcal/(mol A)^2, r_eq =   1.4090 A 
             (CT-CA) Kr = 317.0000 kcal/(mol A)^2, r_eq =   1.5100 A 
             (NB-CV) Kr = 410.0000 kcal/(mol A)^2, r_eq =   1.3940 A 
             (NB-FE) Kr = 110.4085 kcal/(mol A)^2, r_eq =   2.0695 A 
             (CR-NB) Kr = 488.0000 kcal/(mol A)^2, r_eq =   1.3350 A 
             (NA-CR) Kr = 477.0000 kcal/(mol A)^2, r_eq =   1.3430 A 
             (CC-NA) Kr = 422.0000 kcal/(mol A)^2, r_eq =   1.3850 A 
             (CC-CV) Kr = 512.0000 kcal/(mol A)^2, r_eq =   1.3750 A 
             (CT-CC) Kr = 317.0000 kcal/(mol A)^2, r_eq =   1.5040 A 
             (FE-O ) Kr =  75.6789 kcal/(mol A)^2, r_eq =   2.1142 A 
             (N -CT) Kr = 337.0000 kcal/(mol A)^2, r_eq =   1.4490 A 
             (C -O ) Kr = 570.0000 kcal/(mol A)^2, r_eq =   1.2290 A 
             (C -N ) Kr = 490.0000 kcal/(mol A)^2, r_eq =   1.3350 A 
        (HC-CT-C ) Kt =  50.0000 kcal/(mol rad)^2,  th_eq = 109.5000 deg 
        (HC-CT-HC) Kt =  35.0000 kcal/(mol rad)^2,  th_eq = 109.5000 deg 
        (HC-CT-CT) Kt =  50.0000 kcal/(mol rad)^2,  th_eq = 109.5000 deg 
        (HA-CA-CA) Kt =  50.0000 kcal/(mol rad)^2,  th_eq = 120.0001 deg 
        (HO-OH-FE) Kt =  14.7384 kcal/(mol rad)^2,  th_eq = 122.8823 deg 
        (C -OH-HO) Kt =  50.0000 kcal/(mol rad)^2,  th_eq = 113.0000 deg 
        (C -CA-HA) Kt =  50.0000 kcal/(mol rad)^2,  th_eq = 120.0001 deg 
        (HC-CT-CA) Kt =  50.0000 kcal/(mol rad)^2,  th_eq = 109.5000 deg 
        (NB-CV-H4) Kt =  50.0000 kcal/(mol rad)^2,  th_eq = 120.0001 deg 
        (H5-CR-NB) Kt =  50.0000 kcal/(mol rad)^2,  th_eq = 120.0001 deg 
        (H -NA-CR) Kt =  50.0000 kcal/(mol rad)^2,  th_eq = 120.0001 deg 
        (NA-CR-H5) Kt =  50.0000 kcal/(mol rad)^2,  th_eq = 120.0001 deg 
        (CC-NA-H ) Kt =  50.0000 kcal/(mol rad)^2,  th_eq = 120.0001 deg 
        (CC-CV-H4) Kt =  50.0000 kcal/(mol rad)^2,  th_eq = 120.0001 deg 
        (HC-CT-CC) Kt =  50.0000 kcal/(mol rad)^2,  th_eq = 109.5000 deg 
        (H1-CT-H1) Kt =  35.0000 kcal/(mol rad)^2,  th_eq = 109.5000 deg 
        (H -N -CT) Kt =  50.0000 kcal/(mol rad)^2,  th_eq = 118.0401 deg 
        (N -CT-H1) Kt =  50.0000 kcal/(mol rad)^2,  th_eq = 109.5000 deg 
        (C -N -H ) Kt =  50.0000 kcal/(mol rad)^2,  th_eq = 120.0001 deg 
        (O2-FE-OH) Kt =  16.4389 kcal/(mol rad)^2,  th_eq = 108.7591 deg 
        (O2-FE-NB) Kt =   6.8032 kcal/(mol rad)^2,  th_eq =  95.5547 deg 
        (O2-FE-O ) Kt =  26.4300 kcal/(mol rad)^2,  th_eq = 127.4181 deg 
        (O2-C -O2) Kt =  80.0000 kcal/(mol rad)^2,  th_eq = 126.0001 deg 
        (C -O2-FE) Kt =  12.3530 kcal/(mol rad)^2,  th_eq = 124.1463 deg 
        (CT-C -O2) Kt =  70.0000 kcal/(mol rad)^2,  th_eq = 117.0001 deg 
        (CT-CT-C ) Kt =  63.0000 kcal/(mol rad)^2,  th_eq = 111.1000 deg 
        (OH-C -CA) Kt =  70.0000 kcal/(mol rad)^2,  th_eq = 120.0001 deg 
        (OH-FE-NB) Kt =   9.3649 kcal/(mol rad)^2,  th_eq =  92.8532 deg 
        (OH-FE-O ) Kt =  30.6394 kcal/(mol rad)^2,  th_eq =  92.2374 deg 
        (C -OH-FE) Kt =   0.3293 kcal/(mol rad)^2,  th_eq = 165.5185 deg 
        (C -CA-CA) Kt =  63.0000 kcal/(mol rad)^2,  th_eq = 120.0001 deg 
        (CA-C -CA) Kt =  63.0000 kcal/(mol rad)^2,  th_eq = 120.0001 deg 
        (CA-CA-CA) Kt =  63.0000 kcal/(mol rad)^2,  th_eq = 120.0001 deg 
        (CT-CA-CA) Kt =  70.0000 kcal/(mol rad)^2,  th_eq = 120.0001 deg 
        (CV-NB-FE) Kt =  19.9608 kcal/(mol rad)^2,  th_eq = 128.8021 deg 
        (NB-FE-O ) Kt =  18.0610 kcal/(mol rad)^2,  th_eq = 101.2391 deg 
        (CR-NB-CV) Kt =  70.0000 kcal/(mol rad)^2,  th_eq = 117.0001 deg 
        (CR-NB-FE) Kt =  10.5813 kcal/(mol rad)^2,  th_eq = 140.5051 deg 
        (NA-CC-CV) Kt =  70.0000 kcal/(mol rad)^2,  th_eq = 120.0001 deg 
        (NA-CR-NB) Kt =  70.0000 kcal/(mol rad)^2,  th_eq = 120.0001 deg 
        (CC-NA-CR) Kt =  70.0000 kcal/(mol rad)^2,  th_eq = 120.0001 deg 
        (CC-CV-NB) Kt =  70.0000 kcal/(mol rad)^2,  th_eq = 120.0001 deg 
        (CT-CC-NA) Kt =  70.0000 kcal/(mol rad)^2,  th_eq = 120.0001 deg 
        (CT-CC-CV) Kt =  70.0000 kcal/(mol rad)^2,  th_eq = 120.0001 deg 
        (FE-O -C ) Kt =  14.3443 kcal/(mol rad)^2,  th_eq = 138.4112 deg 
        (O -C -N ) Kt =  80.0000 kcal/(mol rad)^2,  th_eq = 122.9001 deg 
        (C -N -CT) Kt =  50.0000 kcal/(mol rad)^2,  th_eq = 121.9001 deg 
        (CT-C -O ) Kt =  80.0000 kcal/(mol rad)^2,  th_eq = 120.4001 deg 
        (CT-C -N ) Kt =  70.0000 kcal/(mol rad)^2,  th_eq = 116.6000 deg 
       (O2-FE-OH-HO) Kp =   0.0000 kcal/mol,  Np = 2.0000,  Phase =   0.0000 Deg 
       (HC-CT-C -O2) Kp =   0.0000 kcal/mol,  Np = 2.0000,  Phase =   0.0000 Deg 
       (HC-CT-CT-HC) Kp =   0.1500 kcal/mol,  Np = 3.0000,  Phase =   0.0000 Deg 
       (HC-CT-CT-C ) Kp =   0.1556 kcal/mol,  Np = 3.0000,  Phase =   0.0000 Deg 
       (HA-CA-CA-HA) Kp =   3.6250 kcal/mol,  Np = 2.0000,  Phase = 180.0001 Deg 
       (HO-OH-C -CA) Kp =   0.0000 kcal/mol,  Np = 1.0000,  Phase =   0.0000 Deg 
       (HO-OH-C -CA) Kp =   0.8830 kcal/mol,  Np = 2.0000,  Phase = 180.0001 Deg 
       (HO-OH-C -CA) Kp =   0.0000 kcal/mol,  Np = 3.0000,  Phase =   0.0000 Deg 
       (HO-OH-C -CA) Kp =   0.0650 kcal/mol,  Np = 4.0000,  Phase =   0.0000 Deg 
       (HO-OH-FE-NB) Kp =   0.0000 kcal/mol,  Np = 2.0000,  Phase =   0.0000 Deg 
       (HO-OH-FE-O ) Kp =   0.0000 kcal/mol,  Np = 2.0000,  Phase =   0.0000 Deg 
       (OH-C -CA-HA) Kp =   3.6250 kcal/mol,  Np = 2.0000,  Phase = 180.0001 Deg 
       (C -CA-CA-HA) Kp =   3.6250 kcal/mol,  Np = 2.0000,  Phase = 180.0001 Deg 
       (HA-CA-C -CA) Kp =   3.6250 kcal/mol,  Np = 2.0000,  Phase = 180.0001 Deg 
       (HA-CA-CA-CA) Kp =   3.6250 kcal/mol,  Np = 2.0000,  Phase = 180.0001 Deg 
       (HC-CT-CA-CA) Kp =   0.0000 kcal/mol,  Np = 2.0000,  Phase =   0.0000 Deg 
       (CT-CA-CA-HA) Kp =   3.6250 kcal/mol,  Np = 2.0000,  Phase = 180.0001 Deg 
       (H4-CV-NB-FE) Kp =   0.0000 kcal/mol,  Np = 2.0000,  Phase =   0.0000 Deg 
       (H5-CR-NB-CV) Kp =   5.0000 kcal/mol,  Np = 2.0000,  Phase = 180.0001 Deg 
       (H5-CR-NB-FE) Kp =   0.0000 kcal/mol,  Np = 2.0000,  Phase =   0.0000 Deg 
       (CR-NB-CV-H4) Kp =   2.4000 kcal/mol,  Np = 2.0000,  Phase = 180.0001 Deg 
       (H -NA-CC-CV) Kp =   1.4000 kcal/mol,  Np = 2.0000,  Phase = 180.0001 Deg 
       (H -NA-CR-H5) Kp =   2.3250 kcal/mol,  Np = 2.0000,  Phase = 180.0001 Deg 
       (H -NA-CR-NB) Kp =   2.3250 kcal/mol,  Np = 2.0000,  Phase = 180.0001 Deg 
       (NA-CC-CV-H4) Kp =   5.1500 kcal/mol,  Np = 2.0000,  Phase = 180.0001 Deg 
       (CC-NA-CR-H5) Kp =   2.3250 kcal/mol,  Np = 2.0000,  Phase = 180.0001 Deg 
       (HC-CT-CC-NA) Kp =   0.0000 kcal/mol,  Np = 2.0000,  Phase =   0.0000 Deg 
       (HC-CT-CC-CV) Kp =   0.0000 kcal/mol,  Np = 2.0000,  Phase =   0.0000 Deg 
       (CT-CC-NA-H ) Kp =   1.4000 kcal/mol,  Np = 2.0000,  Phase = 180.0001 Deg 
       (CT-CC-CV-H4) Kp =   5.1500 kcal/mol,  Np = 2.0000,  Phase = 180.0001 Deg 
       (H -N -CT-H1) Kp =   0.0000 kcal/mol,  Np = 2.0000,  Phase =   0.0000 Deg 
       (O -C -N -H ) Kp =   2.0000 kcal/mol,  Np = 1.0000,  Phase =   0.0000 Deg 
       (O -C -N -H ) Kp =   2.5000 kcal/mol,  Np = 2.0000,  Phase = 180.0001 Deg 
       (C -N -CT-H1) Kp =   0.0000 kcal/mol,  Np = 2.0000,  Phase =   0.0000 Deg 
       (HC-CT-C -O ) Kp =   0.8000 kcal/mol,  Np = 1.0000,  Phase =   0.0000 Deg 
       (HC-CT-C -O ) Kp =   0.0000 kcal/mol,  Np = 2.0000,  Phase =   0.0000 Deg 
       (HC-CT-C -O ) Kp =   0.0800 kcal/mol,  Np = 3.0000,  Phase = 180.0001 Deg 
       (HC-CT-C -N ) Kp =   0.0000 kcal/mol,  Np = 2.0000,  Phase =   0.0000 Deg 
       (CT-C -N -H ) Kp =   2.5000 kcal/mol,  Np = 2.0000,  Phase = 180.0001 Deg 
   IMP (CA-CA-CA-HA) Kp =   1.1000 kcal/mol,  Np = 2.0000,  Phase = 180.0001 Deg 
   IMP (C -CA-CA-HA) Kp =   1.1000 kcal/mol,  Np = 2.0000,  Phase = 180.0001 Deg 
   IMP (CA-C -CA-HA) Kp =   1.1000 kcal/mol,  Np = 2.0000,  Phase = 180.0001 Deg 
   IMP (CC-NB-CV-H4) Kp =   1.1000 kcal/mol,  Np = 2.0000,  Phase = 180.0001 Deg 
   IMP (NA-NB-CR-H5) Kp =   1.1000 kcal/mol,  Np = 2.0000,  Phase = 180.0001 Deg 
   IMP (CC-CR-NA-H ) Kp =   1.0000 kcal/mol,  Np = 2.0000,  Phase = 180.0001 Deg 
   IMP (C -CT-N -H ) Kp =   1.1000 kcal/mol,  Np = 2.0000,  Phase = 180.0001 Deg 
       (O2-FE-OH-C ) Kp =   0.0000 kcal/mol,  Np = 2.0000,  Phase =   0.0000 Deg 
       (O2-FE-NB-CR) Kp =   0.0000 kcal/mol,  Np = 2.0000,  Phase =   0.0000 Deg 
       (O2-FE-NB-CV) Kp =   0.0000 kcal/mol,  Np = 2.0000,  Phase =   0.0000 Deg 
       (O2-FE-O -C ) Kp =   0.0000 kcal/mol,  Np = 2.0000,  Phase =   0.0000 Deg 
       (O2-C -O2-FE) Kp =   0.0000 kcal/mol,  Np = 2.0000,  Phase =   0.0000 Deg 
       (C -O2-FE-OH) Kp =   0.0000 kcal/mol,  Np = 2.0000,  Phase =   0.0000 Deg 
       (C -O2-FE-NB) Kp =   0.0000 kcal/mol,  Np = 2.0000,  Phase =   0.0000 Deg 
       (C -O2-FE-O ) Kp =   0.0000 kcal/mol,  Np = 2.0000,  Phase =   0.0000 Deg 
       (CT-C -O2-FE) Kp =   0.0000 kcal/mol,  Np = 2.0000,  Phase =   0.0000 Deg 
       (CT-CT-C -O2) Kp =   0.0000 kcal/mol,  Np = 2.0000,  Phase =   0.0000 Deg 
       (CA-C -OH-FE) Kp =   0.0000 kcal/mol,  Np = 2.0000,  Phase =   0.0000 Deg 
       (OH-C -CA-CA) Kp =   3.6250 kcal/mol,  Np = 2.0000,  Phase = 180.0001 Deg 
       (OH-FE-NB-CR) Kp =   0.0000 kcal/mol,  Np = 2.0000,  Phase =   0.0000 Deg 
       (OH-FE-NB-CV) Kp =   0.0000 kcal/mol,  Np = 2.0000,  Phase =   0.0000 Deg 
       (OH-FE-O -C ) Kp =   0.0000 kcal/mol,  Np = 2.0000,  Phase =   0.0000 Deg 
       (C -OH-FE-NB) Kp =   0.0000 kcal/mol,  Np = 2.0000,  Phase =   0.0000 Deg 
       (C -OH-FE-O ) Kp =   0.0000 kcal/mol,  Np = 2.0000,  Phase =   0.0000 Deg 
       (CA-CA-CA-CA) Kp =   3.6250 kcal/mol,  Np = 2.0000,  Phase = 180.0001 Deg 
       (CA-C -CA-CA) Kp =   3.6250 kcal/mol,  Np = 2.0000,  Phase = 180.0001 Deg 
       (CA-CA-CA-C ) Kp =   3.6250 kcal/mol,  Np = 2.0000,  Phase = 180.0001 Deg 
       (CT-CA-CA-CA) Kp =   3.6250 kcal/mol,  Np = 2.0000,  Phase = 180.0001 Deg 
       (CV-NB-FE-O ) Kp =   0.0000 kcal/mol,  Np = 2.0000,  Phase =   0.0000 Deg 
       (NB-FE-O -C ) Kp =   0.0000 kcal/mol,  Np = 2.0000,  Phase =   0.0000 Deg 
       (CR-NA-CC-CV) Kp =   1.4000 kcal/mol,  Np = 2.0000,  Phase = 180.0001 Deg 
       (CR-NB-FE-O ) Kp =   0.0000 kcal/mol,  Np = 2.0000,  Phase =   0.0000 Deg 
       (NA-CC-CV-NB) Kp =   5.1500 kcal/mol,  Np = 2.0000,  Phase = 180.0001 Deg 
       (NA-CR-NB-CV) Kp =   5.0000 kcal/mol,  Np = 2.0000,  Phase = 180.0001 Deg 
       (NA-CR-NB-FE) Kp =   0.0000 kcal/mol,  Np = 2.0000,  Phase =   0.0000 Deg 
       (CC-NA-CR-NB) Kp =   2.3250 kcal/mol,  Np = 2.0000,  Phase = 180.0001 Deg 
       (CC-CV-NB-CR) Kp =   2.4000 kcal/mol,  Np = 2.0000,  Phase = 180.0001 Deg 
       (CC-CV-NB-FE) Kp =   0.0000 kcal/mol,  Np = 2.0000,  Phase =   0.0000 Deg 
       (CT-CC-NA-CR) Kp =   1.4000 kcal/mol,  Np = 2.0000,  Phase = 180.0001 Deg 
       (CT-CC-CV-NB) Kp =   5.1500 kcal/mol,  Np = 2.0000,  Phase = 180.0001 Deg 
       (FE-O -C -CT) Kp =   0.0000 kcal/mol,  Np = 2.0000,  Phase =   0.0000 Deg 
       (FE-O -C -N ) Kp =   0.0000 kcal/mol,  Np = 2.0000,  Phase =   0.0000 Deg 
       (O -C -N -CT) Kp =   2.5000 kcal/mol,  Np = 2.0000,  Phase = 180.0001 Deg 
       (CT-C -N -CT) Kp =   2.5000 kcal/mol,  Np = 2.0000,  Phase = 180.0001 Deg 
   IMP (CT-O2-C -O2) Kp =  10.5000 kcal/mol,  Np = 2.0000,  Phase = 180.0001 Deg 
   IMP (CA-CA-C -OH) Kp =   1.1000 kcal/mol,  Np = 2.0000,  Phase = 180.0001 Deg 
   IMP (CA-CA-CA-CT) Kp =   1.1000 kcal/mol,  Np = 2.0000,  Phase = 180.0001 Deg 
   IMP (CT-CV-CC-NA) Kp =   1.1000 kcal/mol,  Np = 2.0000,  Phase = 180.0001 Deg 
   IMP (CT-N -C -O ) Kp =  10.5000 kcal/mol,  Np = 2.0000,  Phase = 180.0001 Deg 
   -----------------------------------------------------------------------------------
   Sum of squares for initial parameters = 335907665764358.1875000000 kcal^2/mol^2
   R^2 value for initial parameters      =   0.828176
   Calculated energy with initial parameters for structure 1 = -96.510582 KCal/mol
   Actual energy for structure 1 should be                   = -1501564.777624 KCal/mol

   --------------------------------- SIMPLEX MINIMISATION ----------------------------
   Minimising function SUM_SQUARES_AMBER_STANDARD, using the SIMPLEX METHOD
   -------------------------------------- CONVERGENCE --------------------------------
   Step     0: Conv=  1.2004E-05 min=335907665764358.1875,max=335911697909171.6250 avg335909681836764.8750
   Step     1: Conv=  1.8776E+00 min=18050801.0431 max=571794443.3233 avg=294922622.1832
   Step     2: Conv=  1.8712E-10 min=   5092.3456 max=   5092.3456 avg=   5092.3456
   Step     3: Conv=  1.2502E-15 min=   5092.3456 max=   5092.3456 avg=   5092.3456
   Step     4: Conv=  1.7860E-15 min=   5092.3456 max=   5092.3456 avg=   5092.3456
   Step     5: Conv=  1.0716E-15 min=   5092.3456 max=   5092.3456 avg=   5092.3456
   Step     6: Conv=  8.9300E-16 min=   5092.3456 max=   5092.3456 avg=   5092.3456
   -----------------------------------------------------------------------------------

   Convergence ratio of   8.9300E-16 is better than
   convergence criteria of   1.0000E-15.
   Function Converged - Total function evaluations = 312

   Convergence to 1.0000E-15 in Simplex routine achieved after 150 cycles.
   (25 INNER x 6 OUTER CYCLES)

   ------------------------------- FINAL PARAMETERS ---------------------------------
   Parameters for force field equation: AMBER_STANDARD:
   (* means parameter is NOT constant during fit)
                         *K = -1501470.567196 kcal/mol
             (CT-HC) Kr = 340.0000 kcal/(mol A)^2, r_eq =   1.0900 A 
             (CA-HA) Kr = 367.0000 kcal/(mol A)^2, r_eq =   1.0800 A 
             (OH-HO) Kr = 553.0000 kcal/(mol A)^2, r_eq =   0.9600 A 
             (CV-H4) Kr = 367.0000 kcal/(mol A)^2, r_eq =   1.0800 A 
             (CR-H5) Kr = 367.0000 kcal/(mol A)^2, r_eq =   1.0800 A 
             (NA-H ) Kr = 434.0000 kcal/(mol A)^2, r_eq =   1.0100 A 
             (CT-H1) Kr = 340.0000 kcal/(mol A)^2, r_eq =   1.0900 A 
             (N -H ) Kr = 434.0000 kcal/(mol A)^2, r_eq =   1.0100 A 
             (O2-FE) Kr =   3.9748 kcal/(mol A)^2, r_eq =   3.6400 A 
             (C -O2) Kr = 656.0000 kcal/(mol A)^2, r_eq =   1.2500 A 
             (CT-C ) Kr = 317.0000 kcal/(mol A)^2, r_eq =   1.5220 A 
             (CT-CT) Kr = 310.0000 kcal/(mol A)^2, r_eq =   1.5260 A 
             (CA-CA) Kr = 469.0000 kcal/(mol A)^2, r_eq =   1.4000 A 
             (OH-FE) Kr =  60.9470 kcal/(mol A)^2, r_eq =   2.2100 A 
             (C -OH) Kr = 450.0000 kcal/(mol A)^2, r_eq =   1.3640 A 
             (C -CA) Kr = 469.0000 kcal/(mol A)^2, r_eq =   1.4090 A 
             (CT-CA) Kr = 317.0000 kcal/(mol A)^2, r_eq =   1.5100 A 
             (NB-CV) Kr = 410.0000 kcal/(mol A)^2, r_eq =   1.3940 A 
             (NB-FE) Kr = 110.4085 kcal/(mol A)^2, r_eq =   2.0695 A 
             (CR-NB) Kr = 488.0000 kcal/(mol A)^2, r_eq =   1.3350 A 
             (NA-CR) Kr = 477.0000 kcal/(mol A)^2, r_eq =   1.3430 A 
             (CC-NA) Kr = 422.0000 kcal/(mol A)^2, r_eq =   1.3850 A 
             (CC-CV) Kr = 512.0000 kcal/(mol A)^2, r_eq =   1.3750 A 
             (CT-CC) Kr = 317.0000 kcal/(mol A)^2, r_eq =   1.5040 A 
             (FE-O ) Kr =  75.6789 kcal/(mol A)^2, r_eq =   2.1142 A 
             (N -CT) Kr = 337.0000 kcal/(mol A)^2, r_eq =   1.4490 A 
             (C -O ) Kr = 570.0000 kcal/(mol A)^2, r_eq =   1.2290 A 
             (C -N ) Kr = 490.0000 kcal/(mol A)^2, r_eq =   1.3350 A 
        (HC-CT-C ) Kt =  50.0000 kcal/(mol rad)^2,  th_eq = 109.5000 deg 
        (HC-CT-HC) Kt =  35.0000 kcal/(mol rad)^2,  th_eq = 109.5000 deg 
        (HC-CT-CT) Kt =  50.0000 kcal/(mol rad)^2,  th_eq = 109.5000 deg 
        (HA-CA-CA) Kt =  50.0000 kcal/(mol rad)^2,  th_eq = 120.0001 deg 
        (HO-OH-FE) Kt =  14.7384 kcal/(mol rad)^2,  th_eq = 122.8823 deg 
        (C -OH-HO) Kt =  50.0000 kcal/(mol rad)^2,  th_eq = 113.0000 deg 
        (C -CA-HA) Kt =  50.0000 kcal/(mol rad)^2,  th_eq = 120.0001 deg 
        (HC-CT-CA) Kt =  50.0000 kcal/(mol rad)^2,  th_eq = 109.5000 deg 
        (NB-CV-H4) Kt =  50.0000 kcal/(mol rad)^2,  th_eq = 120.0001 deg 
        (H5-CR-NB) Kt =  50.0000 kcal/(mol rad)^2,  th_eq = 120.0001 deg 
        (H -NA-CR) Kt =  50.0000 kcal/(mol rad)^2,  th_eq = 120.0001 deg 
        (NA-CR-H5) Kt =  50.0000 kcal/(mol rad)^2,  th_eq = 120.0001 deg 
        (CC-NA-H ) Kt =  50.0000 kcal/(mol rad)^2,  th_eq = 120.0001 deg 
        (CC-CV-H4) Kt =  50.0000 kcal/(mol rad)^2,  th_eq = 120.0001 deg 
        (HC-CT-CC) Kt =  50.0000 kcal/(mol rad)^2,  th_eq = 109.5000 deg 
        (H1-CT-H1) Kt =  35.0000 kcal/(mol rad)^2,  th_eq = 109.5000 deg 
        (H -N -CT) Kt =  50.0000 kcal/(mol rad)^2,  th_eq = 118.0401 deg 
        (N -CT-H1) Kt =  50.0000 kcal/(mol rad)^2,  th_eq = 109.5000 deg 
        (C -N -H ) Kt =  50.0000 kcal/(mol rad)^2,  th_eq = 120.0001 deg 
        (O2-FE-OH) Kt =  16.4389 kcal/(mol rad)^2,  th_eq = 108.7591 deg 
        (O2-FE-NB) Kt =   6.8032 kcal/(mol rad)^2,  th_eq =  95.5547 deg 
        (O2-FE-O ) Kt =  26.4300 kcal/(mol rad)^2,  th_eq = 127.4181 deg 
        (O2-C -O2) Kt =  80.0000 kcal/(mol rad)^2,  th_eq = 126.0001 deg 
        (C -O2-FE) Kt =  12.3530 kcal/(mol rad)^2,  th_eq = 124.1463 deg 
        (CT-C -O2) Kt =  70.0000 kcal/(mol rad)^2,  th_eq = 117.0001 deg 
        (CT-CT-C ) Kt =  63.0000 kcal/(mol rad)^2,  th_eq = 111.1000 deg 
        (OH-C -CA) Kt =  70.0000 kcal/(mol rad)^2,  th_eq = 120.0001 deg 
        (OH-FE-NB) Kt =   9.3649 kcal/(mol rad)^2,  th_eq =  92.8532 deg 
        (OH-FE-O ) Kt =  30.6394 kcal/(mol rad)^2,  th_eq =  92.2374 deg 
        (C -OH-FE) Kt =   0.3293 kcal/(mol rad)^2,  th_eq = 165.5185 deg 
        (C -CA-CA) Kt =  63.0000 kcal/(mol rad)^2,  th_eq = 120.0001 deg 
        (CA-C -CA) Kt =  63.0000 kcal/(mol rad)^2,  th_eq = 120.0001 deg 
        (CA-CA-CA) Kt =  63.0000 kcal/(mol rad)^2,  th_eq = 120.0001 deg 
        (CT-CA-CA) Kt =  70.0000 kcal/(mol rad)^2,  th_eq = 120.0001 deg 
        (CV-NB-FE) Kt =  19.9608 kcal/(mol rad)^2,  th_eq = 128.8021 deg 
        (NB-FE-O ) Kt =  18.0610 kcal/(mol rad)^2,  th_eq = 101.2391 deg 
        (CR-NB-CV) Kt =  70.0000 kcal/(mol rad)^2,  th_eq = 117.0001 deg 
        (CR-NB-FE) Kt =  10.5813 kcal/(mol rad)^2,  th_eq = 140.5051 deg 
        (NA-CC-CV) Kt =  70.0000 kcal/(mol rad)^2,  th_eq = 120.0001 deg 
        (NA-CR-NB) Kt =  70.0000 kcal/(mol rad)^2,  th_eq = 120.0001 deg 
        (CC-NA-CR) Kt =  70.0000 kcal/(mol rad)^2,  th_eq = 120.0001 deg 
        (CC-CV-NB) Kt =  70.0000 kcal/(mol rad)^2,  th_eq = 120.0001 deg 
        (CT-CC-NA) Kt =  70.0000 kcal/(mol rad)^2,  th_eq = 120.0001 deg 
        (CT-CC-CV) Kt =  70.0000 kcal/(mol rad)^2,  th_eq = 120.0001 deg 
        (FE-O -C ) Kt =  14.3443 kcal/(mol rad)^2,  th_eq = 138.4112 deg 
        (O -C -N ) Kt =  80.0000 kcal/(mol rad)^2,  th_eq = 122.9001 deg 
        (C -N -CT) Kt =  50.0000 kcal/(mol rad)^2,  th_eq = 121.9001 deg 
        (CT-C -O ) Kt =  80.0000 kcal/(mol rad)^2,  th_eq = 120.4001 deg 
        (CT-C -N ) Kt =  70.0000 kcal/(mol rad)^2,  th_eq = 116.6000 deg 
       (O2-FE-OH-HO) Kp =   0.0000 kcal/mol,  Np = 2.0000,  Phase =   0.0000 Deg 
       (HC-CT-C -O2) Kp =   0.0000 kcal/mol,  Np = 2.0000,  Phase =   0.0000 Deg 
       (HC-CT-CT-HC) Kp =   0.1500 kcal/mol,  Np = 3.0000,  Phase =   0.0000 Deg 
       (HC-CT-CT-C ) Kp =   0.1556 kcal/mol,  Np = 3.0000,  Phase =   0.0000 Deg 
       (HA-CA-CA-HA) Kp =   3.6250 kcal/mol,  Np = 2.0000,  Phase = 180.0001 Deg 
       (HO-OH-C -CA) Kp =   0.0000 kcal/mol,  Np = 1.0000,  Phase =   0.0000 Deg 
       (HO-OH-C -CA) Kp =   0.8830 kcal/mol,  Np = 2.0000,  Phase = 180.0001 Deg 
       (HO-OH-C -CA) Kp =   0.0000 kcal/mol,  Np = 3.0000,  Phase =   0.0000 Deg 
       (HO-OH-C -CA) Kp =   0.0650 kcal/mol,  Np = 4.0000,  Phase =   0.0000 Deg 
       (HO-OH-FE-NB) Kp =   0.0000 kcal/mol,  Np = 2.0000,  Phase =   0.0000 Deg 
       (HO-OH-FE-O ) Kp =   0.0000 kcal/mol,  Np = 2.0000,  Phase =   0.0000 Deg 
       (OH-C -CA-HA) Kp =   3.6250 kcal/mol,  Np = 2.0000,  Phase = 180.0001 Deg 
       (C -CA-CA-HA) Kp =   3.6250 kcal/mol,  Np = 2.0000,  Phase = 180.0001 Deg 
       (HA-CA-C -CA) Kp =   3.6250 kcal/mol,  Np = 2.0000,  Phase = 180.0001 Deg 
       (HA-CA-CA-CA) Kp =   3.6250 kcal/mol,  Np = 2.0000,  Phase = 180.0001 Deg 
       (HC-CT-CA-CA) Kp =   0.0000 kcal/mol,  Np = 2.0000,  Phase =   0.0000 Deg 
       (CT-CA-CA-HA) Kp =   3.6250 kcal/mol,  Np = 2.0000,  Phase = 180.0001 Deg 
       (H4-CV-NB-FE) Kp =   0.0000 kcal/mol,  Np = 2.0000,  Phase =   0.0000 Deg 
       (H5-CR-NB-CV) Kp =   5.0000 kcal/mol,  Np = 2.0000,  Phase = 180.0001 Deg 
       (H5-CR-NB-FE) Kp =   0.0000 kcal/mol,  Np = 2.0000,  Phase =   0.0000 Deg 
       (CR-NB-CV-H4) Kp =   2.4000 kcal/mol,  Np = 2.0000,  Phase = 180.0001 Deg 
       (H -NA-CC-CV) Kp =   1.4000 kcal/mol,  Np = 2.0000,  Phase = 180.0001 Deg 
       (H -NA-CR-H5) Kp =   2.3250 kcal/mol,  Np = 2.0000,  Phase = 180.0001 Deg 
       (H -NA-CR-NB) Kp =   2.3250 kcal/mol,  Np = 2.0000,  Phase = 180.0001 Deg 
       (NA-CC-CV-H4) Kp =   5.1500 kcal/mol,  Np = 2.0000,  Phase = 180.0001 Deg 
       (CC-NA-CR-H5) Kp =   2.3250 kcal/mol,  Np = 2.0000,  Phase = 180.0001 Deg 
       (HC-CT-CC-NA) Kp =   0.0000 kcal/mol,  Np = 2.0000,  Phase =   0.0000 Deg 
       (HC-CT-CC-CV) Kp =   0.0000 kcal/mol,  Np = 2.0000,  Phase =   0.0000 Deg 
       (CT-CC-NA-H ) Kp =   1.4000 kcal/mol,  Np = 2.0000,  Phase = 180.0001 Deg 
       (CT-CC-CV-H4) Kp =   5.1500 kcal/mol,  Np = 2.0000,  Phase = 180.0001 Deg 
       (H -N -CT-H1) Kp =   0.0000 kcal/mol,  Np = 2.0000,  Phase =   0.0000 Deg 
       (O -C -N -H ) Kp =   2.0000 kcal/mol,  Np = 1.0000,  Phase =   0.0000 Deg 
       (O -C -N -H ) Kp =   2.5000 kcal/mol,  Np = 2.0000,  Phase = 180.0001 Deg 
       (C -N -CT-H1) Kp =   0.0000 kcal/mol,  Np = 2.0000,  Phase =   0.0000 Deg 
       (HC-CT-C -O ) Kp =   0.8000 kcal/mol,  Np = 1.0000,  Phase =   0.0000 Deg 
       (HC-CT-C -O ) Kp =   0.0000 kcal/mol,  Np = 2.0000,  Phase =   0.0000 Deg 
       (HC-CT-C -O ) Kp =   0.0800 kcal/mol,  Np = 3.0000,  Phase = 180.0001 Deg 
       (HC-CT-C -N ) Kp =   0.0000 kcal/mol,  Np = 2.0000,  Phase =   0.0000 Deg 
       (CT-C -N -H ) Kp =   2.5000 kcal/mol,  Np = 2.0000,  Phase = 180.0001 Deg 
   IMP (CA-CA-CA-HA) Kp =   1.1000 kcal/mol,  Np = 2.0000,  Phase = 180.0001 Deg 
   IMP (C -CA-CA-HA) Kp =   1.1000 kcal/mol,  Np = 2.0000,  Phase = 180.0001 Deg 
   IMP (CA-C -CA-HA) Kp =   1.1000 kcal/mol,  Np = 2.0000,  Phase = 180.0001 Deg 
   IMP (CC-NB-CV-H4) Kp =   1.1000 kcal/mol,  Np = 2.0000,  Phase = 180.0001 Deg 
   IMP (NA-NB-CR-H5) Kp =   1.1000 kcal/mol,  Np = 2.0000,  Phase = 180.0001 Deg 
   IMP (CC-CR-NA-H ) Kp =   1.0000 kcal/mol,  Np = 2.0000,  Phase = 180.0001 Deg 
   IMP (C -CT-N -H ) Kp =   1.1000 kcal/mol,  Np = 2.0000,  Phase = 180.0001 Deg 
       (O2-FE-OH-C ) Kp =   0.0000 kcal/mol,  Np = 2.0000,  Phase =   0.0000 Deg 
       (O2-FE-NB-CR) Kp =   0.0000 kcal/mol,  Np = 2.0000,  Phase =   0.0000 Deg 
       (O2-FE-NB-CV) Kp =   0.0000 kcal/mol,  Np = 2.0000,  Phase =   0.0000 Deg 
       (O2-FE-O -C ) Kp =   0.0000 kcal/mol,  Np = 2.0000,  Phase =   0.0000 Deg 
       (O2-C -O2-FE) Kp =   0.0000 kcal/mol,  Np = 2.0000,  Phase =   0.0000 Deg 
       (C -O2-FE-OH) Kp =   0.0000 kcal/mol,  Np = 2.0000,  Phase =   0.0000 Deg 
       (C -O2-FE-NB) Kp =   0.0000 kcal/mol,  Np = 2.0000,  Phase =   0.0000 Deg 
       (C -O2-FE-O ) Kp =   0.0000 kcal/mol,  Np = 2.0000,  Phase =   0.0000 Deg 
       (CT-C -O2-FE) Kp =   0.0000 kcal/mol,  Np = 2.0000,  Phase =   0.0000 Deg 
       (CT-CT-C -O2) Kp =   0.0000 kcal/mol,  Np = 2.0000,  Phase =   0.0000 Deg 
       (CA-C -OH-FE) Kp =   0.0000 kcal/mol,  Np = 2.0000,  Phase =   0.0000 Deg 
       (OH-C -CA-CA) Kp =   3.6250 kcal/mol,  Np = 2.0000,  Phase = 180.0001 Deg 
       (OH-FE-NB-CR) Kp =   0.0000 kcal/mol,  Np = 2.0000,  Phase =   0.0000 Deg 
       (OH-FE-NB-CV) Kp =   0.0000 kcal/mol,  Np = 2.0000,  Phase =   0.0000 Deg 
       (OH-FE-O -C ) Kp =   0.0000 kcal/mol,  Np = 2.0000,  Phase =   0.0000 Deg 
       (C -OH-FE-NB) Kp =   0.0000 kcal/mol,  Np = 2.0000,  Phase =   0.0000 Deg 
       (C -OH-FE-O ) Kp =   0.0000 kcal/mol,  Np = 2.0000,  Phase =   0.0000 Deg 
       (CA-CA-CA-CA) Kp =   3.6250 kcal/mol,  Np = 2.0000,  Phase = 180.0001 Deg 
       (CA-C -CA-CA) Kp =   3.6250 kcal/mol,  Np = 2.0000,  Phase = 180.0001 Deg 
       (CA-CA-CA-C ) Kp =   3.6250 kcal/mol,  Np = 2.0000,  Phase = 180.0001 Deg 
       (CT-CA-CA-CA) Kp =   3.6250 kcal/mol,  Np = 2.0000,  Phase = 180.0001 Deg 
       (CV-NB-FE-O ) Kp =   0.0000 kcal/mol,  Np = 2.0000,  Phase =   0.0000 Deg 
       (NB-FE-O -C ) Kp =   0.0000 kcal/mol,  Np = 2.0000,  Phase =   0.0000 Deg 
       (CR-NA-CC-CV) Kp =   1.4000 kcal/mol,  Np = 2.0000,  Phase = 180.0001 Deg 
       (CR-NB-FE-O ) Kp =   0.0000 kcal/mol,  Np = 2.0000,  Phase =   0.0000 Deg 
       (NA-CC-CV-NB) Kp =   5.1500 kcal/mol,  Np = 2.0000,  Phase = 180.0001 Deg 
       (NA-CR-NB-CV) Kp =   5.0000 kcal/mol,  Np = 2.0000,  Phase = 180.0001 Deg 
       (NA-CR-NB-FE) Kp =   0.0000 kcal/mol,  Np = 2.0000,  Phase =   0.0000 Deg 
       (CC-NA-CR-NB) Kp =   2.3250 kcal/mol,  Np = 2.0000,  Phase = 180.0001 Deg 
       (CC-CV-NB-CR) Kp =   2.4000 kcal/mol,  Np = 2.0000,  Phase = 180.0001 Deg 
       (CC-CV-NB-FE) Kp =   0.0000 kcal/mol,  Np = 2.0000,  Phase =   0.0000 Deg 
       (CT-CC-NA-CR) Kp =   1.4000 kcal/mol,  Np = 2.0000,  Phase = 180.0001 Deg 
       (CT-CC-CV-NB) Kp =   5.1500 kcal/mol,  Np = 2.0000,  Phase = 180.0001 Deg 
       (FE-O -C -CT) Kp =   0.0000 kcal/mol,  Np = 2.0000,  Phase =   0.0000 Deg 
       (FE-O -C -N ) Kp =   0.0000 kcal/mol,  Np = 2.0000,  Phase =   0.0000 Deg 
       (O -C -N -CT) Kp =   2.5000 kcal/mol,  Np = 2.0000,  Phase = 180.0001 Deg 
       (CT-C -N -CT) Kp =   2.5000 kcal/mol,  Np = 2.0000,  Phase = 180.0001 Deg 
   IMP (CT-O2-C -O2) Kp =  10.5000 kcal/mol,  Np = 2.0000,  Phase = 180.0001 Deg 
   IMP (CA-CA-C -OH) Kp =   1.1000 kcal/mol,  Np = 2.0000,  Phase = 180.0001 Deg 
   IMP (CA-CA-CA-CT) Kp =   1.1000 kcal/mol,  Np = 2.0000,  Phase = 180.0001 Deg 
   IMP (CT-CV-CC-NA) Kp =   1.1000 kcal/mol,  Np = 2.0000,  Phase = 180.0001 Deg 
   IMP (CT-N -C -O ) Kp =  10.5000 kcal/mol,  Np = 2.0000,  Phase = 180.0001 Deg 
   ----------------------------------------------------------------------------------
|   Called the fitness function 313 times.
   Function value with fitted parameters  =     5092.3456, R^2 =       0.8282
   Calculated energy with fitted parameters for structure 1 =    -96.5106 KCal/mol

 * Result passed angle validity check.
 * Result passed bond validity check.

|             Program Execution Completed at: Mon Oct 26 20:16:53 2020
|                            Elapsed Time = 3.00 seconds
*************************************************************************************
